Removed Pin From Net: NetName=3V3 Pin=C1-1
Removed Pin From Net: NetName=GND Pin=C1-2
Removed Pin From Net: NetName=3V3 Pin=C2-1
Removed Pin From Net: NetName=GND Pin=C2-2
Removed Pin From Net: NetName=5V Pin=C4-1
Removed Pin From Net: NetName=GND Pin=C4-2
Removed Pin From Net: NetName=3V3 Pin=C14-1
Removed Pin From Net: NetName=GND Pin=U1-1
Removed Pin From Net: NetName=3V3 Pin=U1-2
Removed Pin From Net: NetName=3V3 Pin=U3-5
Removed Pin From Net: NetName=3V3 Pin=U3-6
Removed Pin From Net: NetName=3V3 Pin=U3-7
Change Component DesignItemId : Designator=C2 Old DesignItemId=CAPACITOR POL New DesignItemId=Cap
Change Component DesignItemId : Designator=C3 Old DesignItemId=ELECTRO2 New DesignItemId=cap_polarity2
Change Component DesignItemId : Designator=U1 Old DesignItemId=LT1085CM-3.3 New DesignItemId=TPS79333
Change Component Footprint: Designator=C2 Old Footprint=RC0805 New Footprint=RC0603
Change Component Footprint: Designator=U1 Old Footprint=SOT223 New Footprint=SOT-23-5
Change Component Comment : Designator=C2 Old Comment=10uF New Comment=Cap
Change Component Comment : Designator=C1 Old Comment=104 New Comment=Cap
Change Component Comment : Designator=C4 Old Comment=104 New Comment=Cap
Change Component Comment : Designator=U1 Old Comment=AMS1117-3.3 New Comment=TPS79333
Change Component Description : Designator=C3 Old Description= New Description=Electrolytic Capacitor
Change Component Library : Designator=C1 Old Library=* New Library=Miscellaneous Devices.IntLib
Change Component Library : Designator=C4 Old Library=* New Library=Miscellaneous Devices.IntLib
Change Component Library : Designator=C3 Old Library=* New Library=Schlib1.SchLib
Added Component: Designator=C101(RC0603)
Added Component: Designator=C102(RC0603)
Added Component: Designator=C103(RC0805)
Added Component: Designator=C104(RC0603)
Added Component: Designator=U4(SOT-23-5)
Added Pin To Net: NetName=GND Pin=C1-1
Added Pin To Net: NetName=3V3 Pin=C1-2
Added Pin To Net: NetName=GND Pin=C2-1
Added Pin To Net: NetName=GND Pin=C4-1
Added Pin To Net: NetName=5V Pin=C4-2
Added Pin To Net: NetName=GND Pin=C101-1
Added Pin To Net: NetName=GND Pin=C102-1
Added Pin To Net: NetName=5V Pin=C103-1
Added Pin To Net: NetName=GND Pin=C103-2
Added Pin To Net: NetName=GND Pin=C104-1
Added Pin To Net: NetName=5V Pin=C104-2
Added Pin To Net: NetName=5V Pin=U1-1
Added Pin To Net: NetName=GND Pin=U1-2
Added Pin To Net: NetName=3V3 Pin=U1-5
Added Pin To Net: NetName=5V Pin=U4-1
Added Pin To Net: NetName=GND Pin=U4-2
Added Pin To Net: NetName=5V Pin=U4-3
Added Pin To Net: NetName=3V3_DW Pin=C14-1
Added Pin To Net: NetName=3V3_DW Pin=C101-2
Added Pin To Net: NetName=3V3_DW Pin=U3-5
Added Pin To Net: NetName=3V3_DW Pin=U3-6
Added Pin To Net: NetName=3V3_DW Pin=U3-7
Added Pin To Net: NetName=3V3_DW Pin=U4-5
Added Net: Name=3V3_DW
Added Pin To Net: NetName=NetC2_2 Pin=C2-2
Added Pin To Net: NetName=NetC2_2 Pin=U1-4
Added Net: Name=NetC2_2
Added Pin To Net: NetName=NetC102_2 Pin=C102-2
Added Pin To Net: NetName=NetC102_2 Pin=U4-4
Added Net: Name=NetC102_2
Added Member To Class: ClassName=ARDevelopmentPlat Member=Component C101 Cap
Added Member To Class: ClassName=ARDevelopmentPlat Member=Component C102 Cap
Added Member To Class: ClassName=ARDevelopmentPlat Member=Component C103 10uF
Added Member To Class: ClassName=ARDevelopmentPlat Member=Component C104 Cap
Added Member To Class: ClassName=ARDevelopmentPlat Member=Component U4 TPS79333
Added Room: Name=ARDevelopmentPlat
