Removed Pin From Net: NetName=5V Pin=J1-1
Removed Pin From Net: NetName=5V Pin=J1-2
Removed Pin From Net: NetName=3V3 Pin=J1-3
Removed Pin From Net: NetName=3V3 Pin=J1-4
Removed Pin From Net: NetName=GND Pin=J1-5
Removed Pin From Net: NetName=GND Pin=J1-6
Removed Pin From Net: NetName=3V3 Pin=J2-1
Removed Pin From Net: NetName=GND Pin=J2-2
Removed Pin From Net: NetName=VBAT Pin=J2-3
Removed Pin From Net: NetName=PC13 Pin=J2-4
Removed Pin From Net: NetName=PC14 Pin=J2-5
Removed Pin From Net: NetName=PC15 Pin=J2-6
Removed Pin From Net: NetName=VDDA Pin=J2-7
Removed Pin From Net: NetName=PA0 Pin=J2-8
Removed Pin From Net: NetName=PA1 Pin=J2-9
Removed Pin From Net: NetName=PA2 Pin=J2-10
Removed Pin From Net: NetName=PA3 Pin=J2-11
Removed Pin From Net: NetName=PB0 Pin=J2-16
Removed Pin From Net: NetName=PB1 Pin=J2-17
Removed Pin From Net: NetName=PB2 Pin=J2-18
Removed Pin From Net: NetName=PB10 Pin=J2-19
Removed Pin From Net: NetName=PB11 Pin=J2-20
Removed Pin From Net: NetName=GND Pin=J3-1
Removed Pin From Net: NetName=BOOT0 Pin=J3-2
Removed Pin From Net: NetName=3V3 Pin=J3-3
Removed Pin From Net: NetName=PB6 Pin=J3-7
Removed Pin From Net: NetName=PB5 Pin=J3-8
Removed Pin From Net: NetName=TRST/PB4 Pin=J3-9
Removed Pin From Net: NetName=TDO/PB3 Pin=J3-10
Removed Pin From Net: NetName=TDI/PA15 Pin=J3-11
Removed Pin From Net: NetName=PA12 Pin=J3-12
Removed Pin From Net: NetName=PA11 Pin=J3-13
Removed Pin From Net: NetName=PA8 Pin=J3-16
Removed Pin From Net: NetName=PB15 Pin=J3-17
Removed Pin From Net: NetName=PB14 Pin=J3-18
Removed Pin From Net: NetName=PB13 Pin=J3-19
Removed Pin From Net: NetName=PB12 Pin=J3-20
Removed Pin From Net: NetName=GND Pin=J4-5
Removed Pin From Net: NetName=3V3 Pin=J5-1
Removed Pin From Net: NetName=3V3 Pin=J5-2
Removed Pin From Net: NetName=TRST/PB4 Pin=J5-3
Removed Pin From Net: NetName=GND Pin=J5-4
Removed Pin From Net: NetName=TDI/PA15 Pin=J5-5
Removed Pin From Net: NetName=GND Pin=J5-6
Removed Pin From Net: NetName=TMS Pin=J5-7
Removed Pin From Net: NetName=GND Pin=J5-8
Removed Pin From Net: NetName=TCLK Pin=J5-9
Removed Pin From Net: NetName=GND Pin=J5-10
Removed Pin From Net: NetName=GND Pin=J5-12
Removed Pin From Net: NetName=TDO/PB3 Pin=J5-13
Removed Pin From Net: NetName=GND Pin=J5-14
Removed Pin From Net: NetName=NRST Pin=J5-15
Removed Pin From Net: NetName=GND Pin=J5-16
Removed Pin From Net: NetName=GND Pin=J5-18
Removed Pin From Net: NetName=GND Pin=J5-20
Removed Pin From Net: NetName=PA11 Pin=R18-1
Removed Pin From Net: NetName=PA12 Pin=R19-1
Removed Pin From Net: NetName=3V3 Pin=R20-1
Removed Pin From Net: NetName=5V Pin=R21-1
Removed Member From Class: ClassName=ARDevelopmentPlat Member=J1
Removed Member From Class: ClassName=ARDevelopmentPlat Member=J2
Removed Member From Class: ClassName=ARDevelopmentPlat Member=J3
Removed Member From Class: ClassName=ARDevelopmentPlat Member=J4
Removed Member From Class: ClassName=ARDevelopmentPlat Member=J5
Removed Member From Class: ClassName=ARDevelopmentPlat Member=R18
Removed Member From Class: ClassName=ARDevelopmentPlat Member=R19
Removed Member From Class: ClassName=ARDevelopmentPlat Member=R20
Removed Member From Class: ClassName=ARDevelopmentPlat Member=R21
Change Component Designator: OldDesignator=*3 NewDesignator=U2
Added Component: Designator=C20(RC0603)
Added Component: Designator=C21(RC0805)
Added Component: Designator=P1(HDR2X6)
Added Component: Designator=P2(HDR1X2)
Added Component: Designator=P3(HDR1X8)
Added Pin To Net: NetName=3V3 Pin=C20-1
Added Pin To Net: NetName=GND Pin=C20-2
Added Pin To Net: NetName=3V3 Pin=C21-1
Added Pin To Net: NetName=GND Pin=P1-1
Added Pin To Net: NetName=BOOT0 Pin=P1-2
Added Pin To Net: NetName=VBAT Pin=P1-4
Added Pin To Net: NetName=5V Pin=P1-6
Added Pin To Net: NetName=GND Pin=P1-7
Added Pin To Net: NetName=GND Pin=P1-8
Added Pin To Net: NetName=5V Pin=P2-1
Added Pin To Net: NetName=GND Pin=P2-2
Added Pin To Net: NetName=3V3 Pin=P3-2
Added Pin To Net: NetName=GND Pin=P3-3
Added Pin To Net: NetName=3.3V Pin=P1-3
Added Pin To Net: NetName=3.3V Pin=P1-5
Added Net: Name=3.3V
Added Pin To Net: NetName=DRDY Pin=P3-8
Added Pin To Net: NetName=DRDY Pin=U3-45
Added Net: Name=DRDY
Added Pin To Net: NetName=SCL Pin=P3-4
Added Pin To Net: NetName=SCL Pin=U3-43
Added Net: Name=SCL
Added Pin To Net: NetName=SDA Pin=P3-5
Added Pin To Net: NetName=SDA Pin=U3-46
Added Net: Name=SDA
Added Pin To Net: NetName=SPI1_MISO Pin=U3-16
Added Net: Name=SPI1_MISO
Added Pin To Net: NetName=SPI1_MOSI Pin=U3-17
Added Net: Name=SPI1_MOSI
Added Pin To Net: NetName=SPI1_NSS Pin=U3-14
Added Net: Name=SPI1_NSS
Added Pin To Net: NetName=SPI1_SCK Pin=U3-15
Added Net: Name=SPI1_SCK
Added Pin To Net: NetName=SWCLK Pin=P1-9
Added Net: Name=SWCLK
Added Pin To Net: NetName=SWDIO Pin=P1-11
Added Net: Name=SWDIO
Added Pin To Net: NetName=USART1_RX Pin=P1-10
Added Pin To Net: NetName=USART1_RX Pin=U3-31
Added Net: Name=USART1_RX
Added Pin To Net: NetName=USART1_TX Pin=P1-12
Added Pin To Net: NetName=USART1_TX Pin=U3-30
Added Net: Name=USART1_TX
Added Member To Class: ClassName=ARDevelopmentPlat Member=Component C20 104
Added Member To Class: ClassName=ARDevelopmentPlat Member=Component C21 10uF
Added Member To Class: ClassName=ARDevelopmentPlat Member=Component P1 Header 6X2
Added Member To Class: ClassName=ARDevelopmentPlat Member=Component P2 Header 2
Added Member To Class: ClassName=ARDevelopmentPlat Member=Component P3 Header 8
Added Room: Name=ARDevelopmentPlat
