Removed Pin From Net: NetName=GND Pin=P1-1
Removed Pin From Net: NetName=BOOT0 Pin=P1-2
Removed Pin From Net: NetName=3.3V Pin=P1-3
Removed Pin From Net: NetName=VBAT Pin=P1-4
Removed Pin From Net: NetName=3.3V Pin=P1-5
Removed Pin From Net: NetName=5V Pin=P1-6
Removed Pin From Net: NetName=GND Pin=P1-7
Removed Pin From Net: NetName=GND Pin=P1-8
Removed Pin From Net: NetName=SWCLK Pin=P1-9
Removed Pin From Net: NetName=USART1_RX Pin=P1-10
Removed Pin From Net: NetName=SWDIO Pin=P1-11
Removed Pin From Net: NetName=USART1_TX Pin=P1-12
Change Component DesignItemId : Designator=P1 Old DesignItemId=Header 6X2 New DesignItemId=Header 4X2
Change Component Footprint: Designator=P1 Old Footprint=HDR2X6 New Footprint=HDR2X4
Change Component Comment : Designator=P1 Old Comment=Header 6X2 New Comment=Header 4X2
Added Pin To Net: NetName=3.3V Pin=P1-1
Added Pin To Net: NetName=5V Pin=P1-2
Added Pin To Net: NetName=GND Pin=P1-3
Added Pin To Net: NetName=GND Pin=P1-4
Added Pin To Net: NetName=SWCLK Pin=P1-5
Added Pin To Net: NetName=USART1_RX Pin=P1-6
Added Pin To Net: NetName=SWDIO Pin=P1-7
Added Pin To Net: NetName=USART1_TX Pin=P1-8
Added Room: Name=ARDevelopmentPlat
