Added Component: Designator=*3(DWM1000)
Added Pin To Net: NetName=EXTON Pin=*3-1
Added Pin To Net: NetName=DWM_WAKEUP Pin=*3-2
Added Pin To Net: NetName=DWM_RSTN Pin=*3-3
Added Pin To Net: NetName=SYNC Pin=*3-4
Added Pin To Net: NetName=DW_VCC Pin=*3-5
Added Pin To Net: NetName=DW_VCC Pin=*3-6
Added Pin To Net: NetName=DW_VCC Pin=*3-7
Added Pin To Net: NetName=GND Pin=*3-8
Added Pin To Net: NetName=G6 Pin=*3-9
Added Pin To Net: NetName=G5 Pin=*3-10
Added Pin To Net: NetName=G4 Pin=*3-11
Added Pin To Net: NetName=DW_LED_TX Pin=*3-12
Added Pin To Net: NetName=DW_LED_RX Pin=*3-13
Added Pin To Net: NetName=G1 Pin=*3-14
Added Pin To Net: NetName=G0 Pin=*3-15
Added Pin To Net: NetName=GND Pin=*3-16
Added Pin To Net: NetName=PB12 Pin=*3-17
Added Pin To Net: NetName=PB15 Pin=*3-18
Added Pin To Net: NetName=PB14 Pin=*3-19
Added Pin To Net: NetName=PB13 Pin=*3-20
Added Pin To Net: NetName=GND Pin=*3-21
Added Pin To Net: NetName=PB11 Pin=*3-22
Added Pin To Net: NetName=GND Pin=*3-23
Added Pin To Net: NetName=GND Pin=*3-24
Added Member To Class: ClassName=ARDevelopmentPlat Member=Component *3 DW1000
