Added Component: Designator=U3(DWM1000)
Added Pin To Net: NetName=EXTON Pin=U3-1
Added Pin To Net: NetName=DWM_WAKEUP Pin=U3-2
Added Pin To Net: NetName=DWM_RSTN Pin=U3-3
Added Pin To Net: NetName=SYNC Pin=U3-4
Added Pin To Net: NetName=3V3 Pin=U3-5
Added Pin To Net: NetName=3V3 Pin=U3-6
Added Pin To Net: NetName=3V3 Pin=U3-7
Added Pin To Net: NetName=GND Pin=U3-8
Added Pin To Net: NetName=G6 Pin=U3-9
Added Pin To Net: NetName=G5 Pin=U3-10
Added Pin To Net: NetName=G4 Pin=U3-11
Added Pin To Net: NetName=DW_LED_TX Pin=U3-12
Added Pin To Net: NetName=DW_LED_RX Pin=U3-13
Added Pin To Net: NetName=G1 Pin=U3-14
Added Pin To Net: NetName=G0 Pin=U3-15
Added Pin To Net: NetName=GND Pin=U3-16
Added Pin To Net: NetName=PB12 Pin=U3-17
Added Pin To Net: NetName=PB15 Pin=U3-18
Added Pin To Net: NetName=PB14 Pin=U3-19
Added Pin To Net: NetName=PB13 Pin=U3-20
Added Pin To Net: NetName=GND Pin=U3-21
Added Pin To Net: NetName=PB11 Pin=U3-22
Added Pin To Net: NetName=GND Pin=U3-23
Added Pin To Net: NetName=GND Pin=U3-24
Added Member To Class: ClassName=ARDevelopmentPlat Member=Component U3 DW1000
Added Room: Name=ARDevelopmentPlat
